2026-01-14T02:04:38.414 helix_lsp::transport [ERROR] haskell-language-server err <- "Found \"/Users/reitomori/Documents/TypeChecker/hie.yaml\" for \"/Users/reitomori/Documents/TypeChecker/a\"\n"
2026-01-14T02:04:38.414 helix_lsp::transport [ERROR] haskell-language-server err <- "Run entered for haskell-language-server-wrapper(haskell-language-server-wrapper-2.12.0.0) Version 2.12.0.0 aarch64 ghc-9.10.3\n"
2026-01-14T02:04:38.414 helix_lsp::transport [ERROR] haskell-language-server err <- "Current directory: /Users/reitomori/Documents/TypeChecker\n"
2026-01-14T02:04:38.414 helix_lsp::transport [ERROR] haskell-language-server err <- "Operating system: darwin\n"
2026-01-14T02:04:38.414 helix_lsp::transport [ERROR] haskell-language-server err <- "Arguments: [\"--lsp\"]\n"
2026-01-14T02:04:38.414 helix_lsp::transport [ERROR] haskell-language-server err <- "Cradle directory: /Users/reitomori/Documents/TypeChecker\n"
2026-01-14T02:04:38.414 helix_lsp::transport [ERROR] haskell-language-server err <- "Cradle type: Stack\n"
2026-01-14T02:04:38.538 helix_lsp::transport [ERROR] haskell-language-server err <- "\n"
2026-01-14T02:04:38.538 helix_lsp::transport [ERROR] haskell-language-server err <- "Tool versions found on the $PATH\n"
2026-01-14T02:04:38.538 helix_lsp::transport [ERROR] haskell-language-server err <- "cabal:          3.14.2.0\n"
2026-01-14T02:04:38.538 helix_lsp::transport [ERROR] haskell-language-server err <- "stack:          3.5.1\n"
2026-01-14T02:04:38.538 helix_lsp::transport [ERROR] haskell-language-server err <- "ghc:            9.10.1\n"
2026-01-14T02:04:38.538 helix_lsp::transport [ERROR] haskell-language-server err <- "\n"
2026-01-14T02:04:38.538 helix_lsp::transport [ERROR] haskell-language-server err <- "\n"
2026-01-14T02:04:38.538 helix_lsp::transport [ERROR] haskell-language-server err <- "Consulting the cradle to get project GHC version...\n"
2026-01-14T02:04:39.248 helix_lsp::transport [ERROR] haskell-language-server err <- "2026-01-13T17:04:39.247665Z | Debug | stack setup --silent\n"
2026-01-14T02:04:39.564 helix_lsp::transport [ERROR] haskell-language-server err <- "2026-01-13T17:04:39.564457Z | Debug | stack exec ghc -- --numeric-version\n"
2026-01-14T02:04:39.564 helix_lsp::transport [ERROR] haskell-language-server err <- "Project GHC version: 9.10.2\n"
2026-01-14T02:04:39.564 helix_lsp::transport [ERROR] haskell-language-server err <- "haskell-language-server exe candidates: [\"haskell-language-server-9.10.2\",\"haskell-language-server\"]\n"
2026-01-14T02:04:39.565 helix_lsp::transport [ERROR] haskell-language-server err <- "Failed to find a HLS version for GHC 9.10.2\n"
2026-01-14T02:04:39.565 helix_lsp::transport [ERROR] haskell-language-server err <- "Executable names we failed to find: haskell-language-server-9.10.2,haskell-language-server\n"
2026-01-14T02:04:39.566 helix_lsp::transport [ERROR] haskell-language-server err <- " 2026-01-13T17:04:39.565939Z | Info | Starting server\n"
2026-01-14T02:04:39.566 helix_term::application [ERROR] Language Server: Method window/showMessageRequest not found in request 0
2026-01-14T02:04:39.567 helix_lsp::transport [ERROR] haskell-language-server err <- "2026-01-13T17:04:39.567055Z | Warning | LSP: can't register dynamically for: \"workspace/didChangeConfiguration\"\n"
2026-01-14T02:04:39.567 helix_lsp::transport [ERROR] haskell-language-server err <- "2026-01-13T17:04:39.567376Z | Error | LSP: no handler for: \"initialized\"\n"
2026-01-14T02:04:39.567 helix_lsp::transport [ERROR] haskell-language-server err <- "2026-01-13T17:04:39.567688Z | Debug | VFS: opening file:///Users/reitomori/Documents/TypeChecker/src/PolyRec/Infer.hs\n"
2026-01-14T02:04:39.568 helix_lsp::transport [ERROR] haskell-language-server err <- "2026-01-13T17:04:39.567992Z | Error | LSP: no handler for: \"textDocument/didOpen\"\n"
2026-01-14T02:04:39.568 helix_lsp::transport [ERROR] haskell-language-server err <- "2026-01-13T17:04:39.568179Z | Debug | LSP: set new config: null\n"
2026-01-14T02:05:02.322 helix_lsp::transport [ERROR] haskell-language-server err <- "2026-01-13T17:05:02.322270Z | Error | LSP: no handler for: \"textDocument/didSave\"\n"
2026-01-14T02:05:02.322 helix_lsp::transport [ERROR] haskell-language-server err <- "2026-01-13T17:05:02.322744Z | Info | LSP: received shutdown\n"
